C:\USERS\Администратор\DOCUMENTS\VISUAL STUDIO 2012\PROJECTS\WINEAF\WINEAF\DEBUG\NEWARC.OBJ
C:\USERS\Администратор\DOCUMENTS\VISUAL STUDIO 2012\PROJECTS\WINEAF\WINEAF\DEBUG\MYFORM.OBJ
C:\USERS\АДМИНИСТРАТОР\DOCUMENTS\VISUAL STUDIO 2012\PROJECTS\WINEAF\WINEAF\DEBUG\VC110.PDB
C:\USERS\Администратор\DOCUMENTS\VISUAL STUDIO 2012\PROJECTS\WINEAF\WINEAF\DEBUG\EXTRACTARC.OBJ
C:\USERS\Администратор\DOCUMENTS\VISUAL STUDIO 2012\PROJECTS\WINEAF\DEBUG\WINEAF.ILK
C:\USERS\Администратор\DOCUMENTS\VISUAL STUDIO 2012\PROJECTS\WINEAF\DEBUG\WINEAF.EXE
C:\USERS\АДМИНИСТРАТОР\DOCUMENTS\VISUAL STUDIO 2012\PROJECTS\WINEAF\DEBUG\WINEAF.PDB
C:\Users\Администратор\documents\visual studio 2012\Projects\WinEaf\WinEaf\Debug\WinEaf.MyForm.resources
C:\Users\Администратор\documents\visual studio 2012\Projects\WinEaf\WinEaf\Debug\WinEaf.newarc.resources
C:\Users\Администратор\documents\visual studio 2012\Projects\WinEaf\WinEaf\Debug\WinEaf.extractarc.resources
C:\Users\Администратор\documents\visual studio 2012\Projects\WinEaf\WinEaf\Debug\WinEaf.vcxproj.GenerateResource.Cache
C:\Users\Администратор\documents\visual studio 2012\Projects\WinEaf\WinEaf\Debug\WinEaf.vcxprojResolveAssemblyReference.cache
C:\Users\Администратор\documents\visual studio 2012\Projects\WinEaf\WinEaf\Debug\extractarc.obj
C:\Users\Администратор\documents\visual studio 2012\Projects\WinEaf\WinEaf\Debug\MyForm.obj
C:\Users\Администратор\documents\visual studio 2012\Projects\WinEaf\WinEaf\Debug\newarc.obj
C:\Users\Администратор\documents\visual studio 2012\Projects\WinEaf\WinEaf\Debug\cl.command.1.tlog
C:\Users\Администратор\documents\visual studio 2012\Projects\WinEaf\WinEaf\Debug\CL.read.1.tlog
C:\Users\Администратор\documents\visual studio 2012\Projects\WinEaf\WinEaf\Debug\CL.write.1.tlog
C:\Users\Администратор\documents\visual studio 2012\Projects\WinEaf\WinEaf\Debug\link.1072-cvtres.read.1.tlog
C:\Users\Администратор\documents\visual studio 2012\Projects\WinEaf\WinEaf\Debug\link.1072-cvtres.write.1.tlog
C:\Users\Администратор\documents\visual studio 2012\Projects\WinEaf\WinEaf\Debug\link.1072-rc.read.1.tlog
C:\Users\Администратор\documents\visual studio 2012\Projects\WinEaf\WinEaf\Debug\link.1072-rc.write.1.tlog
C:\Users\Администратор\documents\visual studio 2012\Projects\WinEaf\WinEaf\Debug\link.1072.read.1.tlog
C:\Users\Администратор\documents\visual studio 2012\Projects\WinEaf\WinEaf\Debug\link.1072.write.1.tlog
C:\Users\Администратор\documents\visual studio 2012\Projects\WinEaf\WinEaf\Debug\link.1632-cvtres.read.1.tlog
C:\Users\Администратор\documents\visual studio 2012\Projects\WinEaf\WinEaf\Debug\link.1632-cvtres.write.1.tlog
C:\Users\Администратор\documents\visual studio 2012\Projects\WinEaf\WinEaf\Debug\link.1632-rc.read.1.tlog
C:\Users\Администратор\documents\visual studio 2012\Projects\WinEaf\WinEaf\Debug\link.1632-rc.write.1.tlog
C:\Users\Администратор\documents\visual studio 2012\Projects\WinEaf\WinEaf\Debug\link.1632.read.1.tlog
C:\Users\Администратор\documents\visual studio 2012\Projects\WinEaf\WinEaf\Debug\link.1632.write.1.tlog
C:\Users\Администратор\documents\visual studio 2012\Projects\WinEaf\WinEaf\Debug\link.1748-cvtres.read.1.tlog
C:\Users\Администратор\documents\visual studio 2012\Projects\WinEaf\WinEaf\Debug\link.1748-cvtres.write.1.tlog
C:\Users\Администратор\documents\visual studio 2012\Projects\WinEaf\WinEaf\Debug\link.1748-rc.read.1.tlog
C:\Users\Администратор\documents\visual studio 2012\Projects\WinEaf\WinEaf\Debug\link.1748-rc.write.1.tlog
C:\Users\Администратор\documents\visual studio 2012\Projects\WinEaf\WinEaf\Debug\link.1748.read.1.tlog
C:\Users\Администратор\documents\visual studio 2012\Projects\WinEaf\WinEaf\Debug\link.1748.write.1.tlog
C:\Users\Администратор\documents\visual studio 2012\Projects\WinEaf\WinEaf\Debug\link.2820-cvtres.read.1.tlog
C:\Users\Администратор\documents\visual studio 2012\Projects\WinEaf\WinEaf\Debug\link.2820-cvtres.write.1.tlog
C:\Users\Администратор\documents\visual studio 2012\Projects\WinEaf\WinEaf\Debug\link.2820-rc.read.1.tlog
C:\Users\Администратор\documents\visual studio 2012\Projects\WinEaf\WinEaf\Debug\link.2820-rc.write.1.tlog
C:\Users\Администратор\documents\visual studio 2012\Projects\WinEaf\WinEaf\Debug\link.2820.read.1.tlog
C:\Users\Администратор\documents\visual studio 2012\Projects\WinEaf\WinEaf\Debug\link.2820.write.1.tlog
C:\Users\Администратор\documents\visual studio 2012\Projects\WinEaf\WinEaf\Debug\link.2964-cvtres.read.1.tlog
C:\Users\Администратор\documents\visual studio 2012\Projects\WinEaf\WinEaf\Debug\link.2964-cvtres.write.1.tlog
C:\Users\Администратор\documents\visual studio 2012\Projects\WinEaf\WinEaf\Debug\link.2964-rc.read.1.tlog
C:\Users\Администратор\documents\visual studio 2012\Projects\WinEaf\WinEaf\Debug\link.2964-rc.write.1.tlog
C:\Users\Администратор\documents\visual studio 2012\Projects\WinEaf\WinEaf\Debug\link.2964.read.1.tlog
C:\Users\Администратор\documents\visual studio 2012\Projects\WinEaf\WinEaf\Debug\link.2964.write.1.tlog
C:\Users\Администратор\documents\visual studio 2012\Projects\WinEaf\WinEaf\Debug\link.3532-cvtres.read.1.tlog
C:\Users\Администратор\documents\visual studio 2012\Projects\WinEaf\WinEaf\Debug\link.3532-cvtres.write.1.tlog
C:\Users\Администратор\documents\visual studio 2012\Projects\WinEaf\WinEaf\Debug\link.3532-rc.read.1.tlog
C:\Users\Администратор\documents\visual studio 2012\Projects\WinEaf\WinEaf\Debug\link.3532-rc.write.1.tlog
C:\Users\Администратор\documents\visual studio 2012\Projects\WinEaf\WinEaf\Debug\link.3532.read.1.tlog
C:\Users\Администратор\documents\visual studio 2012\Projects\WinEaf\WinEaf\Debug\link.3532.write.1.tlog
C:\Users\Администратор\documents\visual studio 2012\Projects\WinEaf\WinEaf\Debug\link.3688-cvtres.read.1.tlog
C:\Users\Администратор\documents\visual studio 2012\Projects\WinEaf\WinEaf\Debug\link.3688-cvtres.write.1.tlog
C:\Users\Администратор\documents\visual studio 2012\Projects\WinEaf\WinEaf\Debug\link.3688-rc.read.1.tlog
C:\Users\Администратор\documents\visual studio 2012\Projects\WinEaf\WinEaf\Debug\link.3688-rc.write.1.tlog
C:\Users\Администратор\documents\visual studio 2012\Projects\WinEaf\WinEaf\Debug\link.3688.read.1.tlog
C:\Users\Администратор\documents\visual studio 2012\Projects\WinEaf\WinEaf\Debug\link.3688.write.1.tlog
C:\Users\Администратор\documents\visual studio 2012\Projects\WinEaf\WinEaf\Debug\link.3960-cvtres.read.1.tlog
C:\Users\Администратор\documents\visual studio 2012\Projects\WinEaf\WinEaf\Debug\link.3960-cvtres.write.1.tlog
C:\Users\Администратор\documents\visual studio 2012\Projects\WinEaf\WinEaf\Debug\link.3960-rc.read.1.tlog
C:\Users\Администратор\documents\visual studio 2012\Projects\WinEaf\WinEaf\Debug\link.3960-rc.write.1.tlog
C:\Users\Администратор\documents\visual studio 2012\Projects\WinEaf\WinEaf\Debug\link.3960.read.1.tlog
C:\Users\Администратор\documents\visual studio 2012\Projects\WinEaf\WinEaf\Debug\link.3960.write.1.tlog
C:\Users\Администратор\documents\visual studio 2012\Projects\WinEaf\WinEaf\Debug\link.752-cvtres.read.1.tlog
C:\Users\Администратор\documents\visual studio 2012\Projects\WinEaf\WinEaf\Debug\link.752-cvtres.write.1.tlog
C:\Users\Администратор\documents\visual studio 2012\Projects\WinEaf\WinEaf\Debug\link.752-rc.read.1.tlog
C:\Users\Администратор\documents\visual studio 2012\Projects\WinEaf\WinEaf\Debug\link.752-rc.write.1.tlog
C:\Users\Администратор\documents\visual studio 2012\Projects\WinEaf\WinEaf\Debug\link.752.read.1.tlog
C:\Users\Администратор\documents\visual studio 2012\Projects\WinEaf\WinEaf\Debug\link.752.write.1.tlog
C:\Users\Администратор\documents\visual studio 2012\Projects\WinEaf\WinEaf\Debug\link.command.1.tlog
C:\Users\Администратор\documents\visual studio 2012\Projects\WinEaf\WinEaf\Debug\link.read.1.tlog
C:\Users\Администратор\documents\visual studio 2012\Projects\WinEaf\WinEaf\Debug\link.write.1.tlog
C:\Users\Администратор\documents\visual studio 2012\Projects\WinEaf\WinEaf\Debug\metagen.read.1.tlog
C:\Users\Администратор\documents\visual studio 2012\Projects\WinEaf\WinEaf\Debug\metagen.write.1.tlog
C:\Users\Администратор\documents\visual studio 2012\Projects\WinEaf\WinEaf\Debug\WinEaf.write.1.tlog
C:\Users\Администратор\documents\visual studio 2012\Projects\WinEaf\WinEaf\Debug\vc110.pdb
C:\Users\Администратор\documents\visual studio 2012\Projects\WinEaf\WinEaf\Debug\RSAENH.DLL.bi
C:\Users\Администратор\documents\visual studio 2012\Projects\WinEaf\WinEaf\Debug\TZRES.DLL.bi
C:\Users\Администратор\documents\visual studio 2012\Projects\WinEaf\Debug\WinEaf.pdb
C:\Users\Администратор\documents\visual studio 2012\Projects\WinEaf\Debug\WinEaf.exe
C:\Users\Администратор\documents\visual studio 2012\Projects\WinEaf\Debug\WinEaf.ilk
